2026/04/29 03:54:20 [notice] 1#1: using the "epoll" event method
2026/04/29 03:54:20 [notice] 1#1: nginx/1.29.8
2026/04/29 03:54:20 [notice] 1#1: built by gcc 15.2.0 (Alpine 15.2.0) 
2026/04/29 03:54:20 [notice] 1#1: OS: Linux 6.6.114.1-microsoft-standard-WSL2
2026/04/29 03:54:20 [notice] 1#1: getrlimit(RLIMIT_NOFILE): 1048576:1048576
2026/04/29 03:54:20 [notice] 1#1: start worker processes
2026/04/29 03:54:20 [notice] 1#1: start worker process 21
2026/04/29 03:54:20 [notice] 1#1: start worker process 22
2026/04/29 05:11:53 [notice] 1#1: signal 3 (SIGQUIT) received, shutting down
2026/04/29 05:11:53 [notice] 22#22: gracefully shutting down
2026/04/29 05:11:53 [notice] 21#21: gracefully shutting down
2026/04/29 05:11:53 [notice] 21#21: exiting
2026/04/29 05:11:53 [notice] 22#22: exiting
2026/04/29 05:11:53 [notice] 21#21: exit
2026/04/29 05:11:53 [notice] 22#22: exit
2026/04/29 05:11:53 [notice] 1#1: signal 17 (SIGCHLD) received from 22
2026/04/29 05:11:53 [notice] 1#1: worker process 21 exited with code 0
2026/04/29 05:11:53 [notice] 1#1: worker process 22 exited with code 0
2026/04/29 05:11:53 [notice] 1#1: exit
2026/04/29 05:22:43 [notice] 1#1: using the "epoll" event method
2026/04/29 05:22:43 [notice] 1#1: nginx/1.29.8
2026/04/29 05:22:43 [notice] 1#1: built by gcc 15.2.0 (Alpine 15.2.0) 
2026/04/29 05:22:43 [notice] 1#1: OS: Linux 6.6.114.1-microsoft-standard-WSL2
2026/04/29 05:22:43 [notice] 1#1: getrlimit(RLIMIT_NOFILE): 1048576:1048576
2026/04/29 05:22:43 [notice] 1#1: start worker processes
2026/04/29 05:22:43 [notice] 1#1: start worker process 21
2026/04/29 05:22:43 [notice] 1#1: start worker process 22
2026/04/29 12:22:03 [notice] 1#1: using the "epoll" event method
2026/04/29 12:22:03 [notice] 1#1: nginx/1.29.8
2026/04/29 12:22:03 [notice] 1#1: built by gcc 15.2.0 (Alpine 15.2.0) 
2026/04/29 12:22:03 [notice] 1#1: OS: Linux 6.6.114.1-microsoft-standard-WSL2
2026/04/29 12:22:03 [notice] 1#1: getrlimit(RLIMIT_NOFILE): 1024:1048576
2026/04/29 12:22:03 [notice] 1#1: start worker processes
2026/04/29 12:22:03 [notice] 1#1: start worker process 22
2026/04/29 12:22:03 [notice] 1#1: start worker process 23
2026/04/29 12:59:31 [notice] 1#1: signal 3 (SIGQUIT) received, shutting down
2026/04/29 12:59:31 [notice] 22#22: gracefully shutting down
2026/04/29 12:59:31 [notice] 23#23: gracefully shutting down
2026/04/29 12:59:31 [notice] 23#23: exiting
2026/04/29 12:59:31 [notice] 23#23: exit
2026/04/29 12:59:31 [notice] 22#22: exiting
2026/04/29 12:59:31 [notice] 22#22: exit
2026/04/29 12:59:31 [notice] 1#1: signal 17 (SIGCHLD) received from 23
2026/04/29 12:59:31 [notice] 1#1: worker process 22 exited with code 0
2026/04/29 12:59:31 [notice] 1#1: worker process 23 exited with code 0
2026/04/29 12:59:31 [notice] 1#1: exit
2026/04/29 13:03:32 [notice] 1#1: using the "epoll" event method
2026/04/29 13:03:32 [notice] 1#1: nginx/1.29.8
2026/04/29 13:03:32 [notice] 1#1: built by gcc 15.2.0 (Alpine 15.2.0) 
2026/04/29 13:03:32 [notice] 1#1: OS: Linux 6.6.114.1-microsoft-standard-WSL2
2026/04/29 13:03:32 [notice] 1#1: getrlimit(RLIMIT_NOFILE): 1024:1048576
2026/04/29 13:03:32 [notice] 1#1: start worker processes
2026/04/29 13:03:32 [notice] 1#1: start worker process 21
2026/04/29 13:03:32 [notice] 1#1: start worker process 22
2026/04/29 13:08:53 [warn] 21#21: *26 an upstream response is buffered to a temporary file /var/cache/nginx/proxy_temp/1/00/0000000001 while reading upstream, client: 172.22.0.1, server: , request: "GET /assets/img/32.png HTTP/1.1", upstream: "http://172.22.0.3:8080/assets/img/32.png", host: "localhost", referrer: "http://localhost/gallery"
2026/04/29 13:11:46 [notice] 1#1: signal 3 (SIGQUIT) received, shutting down
2026/04/29 13:11:46 [notice] 21#21: gracefully shutting down
2026/04/29 13:11:46 [notice] 21#21: exiting
2026/04/29 13:11:46 [notice] 21#21: exit
2026/04/29 13:11:46 [notice] 22#22: gracefully shutting down
2026/04/29 13:11:46 [notice] 22#22: exiting
2026/04/29 13:11:46 [notice] 22#22: exit
2026/04/29 13:11:46 [notice] 1#1: signal 17 (SIGCHLD) received from 21
2026/04/29 13:11:46 [notice] 1#1: worker process 21 exited with code 0
2026/04/29 13:11:46 [notice] 1#1: worker process 22 exited with code 0
2026/04/29 13:11:46 [notice] 1#1: exit
2026/04/29 13:18:28 [notice] 1#1: using the "epoll" event method
2026/04/29 13:18:28 [notice] 1#1: nginx/1.29.8
2026/04/29 13:18:28 [notice] 1#1: built by gcc 15.2.0 (Alpine 15.2.0) 
2026/04/29 13:18:28 [notice] 1#1: OS: Linux 6.6.114.1-microsoft-standard-WSL2
2026/04/29 13:18:28 [notice] 1#1: getrlimit(RLIMIT_NOFILE): 1024:1048576
2026/04/29 13:18:28 [notice] 1#1: start worker processes
2026/04/29 13:18:28 [notice] 1#1: start worker process 21
2026/04/29 13:18:28 [notice] 1#1: start worker process 22
2026/04/29 13:23:59 [notice] 1#1: signal 3 (SIGQUIT) received, shutting down
2026/04/29 13:23:59 [notice] 22#22: gracefully shutting down
2026/04/29 13:23:59 [notice] 22#22: exiting
2026/04/29 13:23:59 [notice] 21#21: gracefully shutting down
2026/04/29 13:23:59 [notice] 21#21: exiting
2026/04/29 13:23:59 [notice] 22#22: exit
2026/04/29 13:23:59 [notice] 21#21: exit
2026/04/29 13:23:59 [notice] 1#1: signal 17 (SIGCHLD) received from 21
2026/04/29 13:23:59 [notice] 1#1: worker process 21 exited with code 0
2026/04/29 13:23:59 [notice] 1#1: signal 29 (SIGIO) received
2026/04/29 13:23:59 [notice] 1#1: signal 17 (SIGCHLD) received from 22
2026/04/29 13:23:59 [notice] 1#1: worker process 22 exited with code 0
2026/04/29 13:23:59 [notice] 1#1: exit
2026/04/29 13:25:14 [notice] 1#1: using the "epoll" event method
2026/04/29 13:25:14 [notice] 1#1: nginx/1.29.8
2026/04/29 13:25:14 [notice] 1#1: built by gcc 15.2.0 (Alpine 15.2.0) 
2026/04/29 13:25:14 [notice] 1#1: OS: Linux 6.6.114.1-microsoft-standard-WSL2
2026/04/29 13:25:14 [notice] 1#1: getrlimit(RLIMIT_NOFILE): 1024:1048576
2026/04/29 13:25:14 [notice] 1#1: start worker processes
2026/04/29 13:25:14 [notice] 1#1: start worker process 20
2026/04/29 13:25:14 [notice] 1#1: start worker process 21
2026/04/29 13:28:30 [error] 21#21: *2 upstream timed out (110: Operation timed out) while reading response header from upstream, client: 172.18.0.1, server: , request: "DELETE /api/cart/delete HTTP/1.1", upstream: "http://172.18.0.3:8080/api/cart/delete", host: "localhost", referrer: "http://localhost/cart"
2026/04/29 14:25:35 [notice] 1#1: signal 3 (SIGQUIT) received, shutting down
2026/04/29 14:25:35 [notice] 20#20: gracefully shutting down
2026/04/29 14:25:35 [notice] 21#21: gracefully shutting down
2026/04/29 14:25:35 [notice] 21#21: exiting
2026/04/29 14:25:35 [notice] 21#21: exit
2026/04/29 14:25:35 [notice] 20#20: exiting
2026/04/29 14:25:35 [notice] 20#20: exit
2026/04/29 14:25:35 [notice] 1#1: signal 17 (SIGCHLD) received from 21
2026/04/29 14:25:35 [notice] 1#1: worker process 21 exited with code 0
2026/04/29 14:25:35 [notice] 1#1: signal 29 (SIGIO) received
2026/04/29 14:25:35 [notice] 1#1: signal 17 (SIGCHLD) received from 20
2026/04/29 14:25:35 [notice] 1#1: worker process 20 exited with code 0
2026/04/29 14:25:35 [notice] 1#1: exit
2026/04/29 15:11:14 [notice] 1#1: using the "epoll" event method
2026/04/29 15:11:14 [notice] 1#1: nginx/1.29.8
2026/04/29 15:11:14 [notice] 1#1: built by gcc 15.2.0 (Alpine 15.2.0) 
2026/04/29 15:11:14 [notice] 1#1: OS: Linux 6.6.114.1-microsoft-standard-WSL2
2026/04/29 15:11:14 [notice] 1#1: getrlimit(RLIMIT_NOFILE): 1024:1048576
2026/04/29 15:11:14 [notice] 1#1: start worker processes
2026/04/29 15:11:14 [notice] 1#1: start worker process 21
2026/04/29 15:11:14 [notice] 1#1: start worker process 22
2026/04/29 15:31:19 [notice] 1#1: signal 3 (SIGQUIT) received, shutting down
2026/04/29 15:31:19 [notice] 21#21: gracefully shutting down
2026/04/29 15:31:19 [notice] 21#21: exiting
2026/04/29 15:31:19 [notice] 22#22: gracefully shutting down
2026/04/29 15:31:19 [notice] 22#22: exiting
2026/04/29 15:31:19 [notice] 21#21: exit
2026/04/29 15:31:19 [notice] 22#22: exit
2026/04/29 15:31:19 [notice] 1#1: signal 17 (SIGCHLD) received from 22
2026/04/29 15:31:19 [notice] 1#1: worker process 22 exited with code 0
2026/04/29 15:31:19 [notice] 1#1: signal 29 (SIGIO) received
2026/04/29 15:31:19 [notice] 1#1: signal 17 (SIGCHLD) received from 21
2026/04/29 15:31:19 [notice] 1#1: worker process 21 exited with code 0
2026/04/29 15:31:19 [notice] 1#1: exit
2026/04/29 15:42:13 [notice] 1#1: using the "epoll" event method
2026/04/29 15:42:13 [notice] 1#1: nginx/1.29.8
2026/04/29 15:42:13 [notice] 1#1: built by gcc 15.2.0 (Alpine 15.2.0) 
2026/04/29 15:42:13 [notice] 1#1: OS: Linux 6.6.114.1-microsoft-standard-WSL2
2026/04/29 15:42:13 [notice] 1#1: getrlimit(RLIMIT_NOFILE): 1024:1048576
2026/04/29 15:42:13 [notice] 1#1: start worker processes
2026/04/29 15:42:13 [notice] 1#1: start worker process 21
2026/04/29 15:42:13 [notice] 1#1: start worker process 22
2026/04/29 15:47:42 [notice] 1#1: signal 3 (SIGQUIT) received, shutting down
2026/04/29 15:47:42 [notice] 21#21: gracefully shutting down
2026/04/29 15:47:42 [notice] 21#21: exiting
2026/04/29 15:47:42 [notice] 21#21: exit
2026/04/29 15:47:42 [notice] 22#22: gracefully shutting down
2026/04/29 15:47:42 [notice] 22#22: exiting
2026/04/29 15:47:42 [notice] 22#22: exit
2026/04/29 15:47:42 [notice] 1#1: signal 17 (SIGCHLD) received from 21
2026/04/29 15:47:42 [notice] 1#1: worker process 21 exited with code 0
2026/04/29 15:47:42 [notice] 1#1: signal 29 (SIGIO) received
2026/04/29 15:47:42 [notice] 1#1: signal 17 (SIGCHLD) received from 22
2026/04/29 15:47:42 [notice] 1#1: worker process 22 exited with code 0
2026/04/29 15:47:42 [notice] 1#1: exit
2026/04/29 15:48:55 [notice] 1#1: using the "epoll" event method
2026/04/29 15:48:55 [notice] 1#1: nginx/1.29.8
2026/04/29 15:48:55 [notice] 1#1: built by gcc 15.2.0 (Alpine 15.2.0) 
2026/04/29 15:48:55 [notice] 1#1: OS: Linux 6.6.114.1-microsoft-standard-WSL2
2026/04/29 15:48:55 [notice] 1#1: getrlimit(RLIMIT_NOFILE): 1024:1048576
2026/04/29 15:48:55 [notice] 1#1: start worker processes
2026/04/29 15:48:55 [notice] 1#1: start worker process 21
2026/04/29 15:48:55 [notice] 1#1: start worker process 22
2026/04/29 15:49:36 [notice] 1#1: signal 3 (SIGQUIT) received, shutting down
2026/04/29 15:49:36 [notice] 21#21: gracefully shutting down
2026/04/29 15:49:36 [notice] 21#21: exiting
2026/04/29 15:49:36 [notice] 22#22: gracefully shutting down
2026/04/29 15:49:36 [notice] 22#22: exiting
2026/04/29 15:49:36 [notice] 21#21: exit
2026/04/29 15:49:36 [notice] 22#22: exit
2026/04/29 15:49:36 [notice] 1#1: signal 17 (SIGCHLD) received from 21
2026/04/29 15:49:36 [notice] 1#1: worker process 21 exited with code 0
2026/04/29 15:49:36 [notice] 1#1: worker process 22 exited with code 0
2026/04/29 15:49:36 [notice] 1#1: exit
2026/04/29 16:32:41 [notice] 1#1: using the "epoll" event method
2026/04/29 16:32:41 [notice] 1#1: nginx/1.29.8
2026/04/29 16:32:41 [notice] 1#1: built by gcc 15.2.0 (Alpine 15.2.0) 
2026/04/29 16:32:41 [notice] 1#1: OS: Linux 6.6.114.1-microsoft-standard-WSL2
2026/04/29 16:32:41 [notice] 1#1: getrlimit(RLIMIT_NOFILE): 1024:1048576
2026/04/29 16:32:41 [notice] 1#1: start worker processes
2026/04/29 16:32:41 [notice] 1#1: start worker process 23
2026/04/29 16:32:41 [notice] 1#1: start worker process 24
2026/04/29 16:34:23 [warn] 24#24: *56 an upstream response is buffered to a temporary file /var/cache/nginx/proxy_temp/1/00/0000000001 while reading upstream, client: 172.18.0.1, server: , request: "GET /assets/img/16.png HTTP/1.1", upstream: "http://172.18.0.3:8080/assets/img/16.png", host: "localhost", referrer: "http://localhost/gallery"
2026/04/29 16:37:42 [notice] 1#1: signal 3 (SIGQUIT) received, shutting down
2026/04/29 16:37:42 [notice] 23#23: gracefully shutting down
2026/04/29 16:37:42 [notice] 23#23: exiting
2026/04/29 16:37:42 [notice] 23#23: exit
2026/04/29 16:37:42 [notice] 24#24: gracefully shutting down
2026/04/29 16:37:42 [notice] 24#24: exiting
2026/04/29 16:37:42 [notice] 24#24: exit
2026/04/29 16:37:42 [notice] 1#1: signal 17 (SIGCHLD) received from 24
2026/04/29 16:37:42 [notice] 1#1: worker process 24 exited with code 0
2026/04/29 16:37:42 [notice] 1#1: signal 29 (SIGIO) received
2026/04/29 16:37:42 [notice] 1#1: signal 17 (SIGCHLD) received from 23
2026/04/29 16:37:42 [notice] 1#1: worker process 23 exited with code 0
2026/04/29 16:37:42 [notice] 1#1: exit
2026/04/29 16:37:43 [notice] 1#1: using the "epoll" event method
2026/04/29 16:37:43 [notice] 1#1: nginx/1.29.8
2026/04/29 16:37:43 [notice] 1#1: built by gcc 15.2.0 (Alpine 15.2.0) 
2026/04/29 16:37:43 [notice] 1#1: OS: Linux 6.6.114.1-microsoft-standard-WSL2
2026/04/29 16:37:43 [notice] 1#1: getrlimit(RLIMIT_NOFILE): 1024:1048576
2026/04/29 16:37:43 [notice] 1#1: start worker processes
2026/04/29 16:37:43 [notice] 1#1: start worker process 21
2026/04/29 16:37:43 [notice] 1#1: start worker process 22
2026/04/29 17:21:28 [notice] 1#1: signal 3 (SIGQUIT) received, shutting down
2026/04/29 17:21:28 [notice] 22#22: gracefully shutting down
2026/04/29 17:21:28 [notice] 21#21: gracefully shutting down
2026/04/29 17:21:28 [notice] 22#22: exiting
2026/04/29 17:21:28 [notice] 21#21: exiting
2026/04/29 17:21:28 [notice] 22#22: exit
2026/04/29 17:21:28 [notice] 21#21: exit
2026/04/29 17:21:28 [notice] 1#1: signal 17 (SIGCHLD) received from 21
2026/04/29 17:21:28 [notice] 1#1: worker process 21 exited with code 0
2026/04/29 17:21:28 [notice] 1#1: worker process 22 exited with code 0
2026/04/29 17:21:28 [notice] 1#1: exit
2026/04/29 17:52:14 [notice] 1#1: using the "epoll" event method
2026/04/29 17:52:14 [notice] 1#1: nginx/1.29.8
2026/04/29 17:52:14 [notice] 1#1: built by gcc 15.2.0 (Alpine 15.2.0) 
2026/04/29 17:52:14 [notice] 1#1: OS: Linux 6.6.114.1-microsoft-standard-WSL2
2026/04/29 17:52:14 [notice] 1#1: getrlimit(RLIMIT_NOFILE): 1024:1048576
2026/04/29 17:52:14 [notice] 1#1: start worker processes
2026/04/29 17:52:14 [notice] 1#1: start worker process 21
2026/04/29 17:52:14 [notice] 1#1: start worker process 22
2026/04/29 17:55:38 [notice] 1#1: signal 3 (SIGQUIT) received, shutting down
2026/04/29 17:55:38 [notice] 21#21: gracefully shutting down
2026/04/29 17:55:38 [notice] 21#21: exiting
2026/04/29 17:55:38 [notice] 21#21: exit
2026/04/29 17:55:38 [notice] 22#22: gracefully shutting down
2026/04/29 17:55:38 [notice] 22#22: exiting
2026/04/29 17:55:38 [notice] 22#22: exit
2026/04/29 17:55:38 [notice] 1#1: signal 17 (SIGCHLD) received from 21
2026/04/29 17:55:38 [notice] 1#1: worker process 21 exited with code 0
2026/04/29 17:55:38 [notice] 1#1: signal 29 (SIGIO) received
2026/04/29 17:55:38 [notice] 1#1: signal 17 (SIGCHLD) received from 22
2026/04/29 17:55:38 [notice] 1#1: worker process 22 exited with code 0
2026/04/29 17:55:38 [notice] 1#1: exit
2026/04/29 18:21:10 [notice] 1#1: using the "epoll" event method
2026/04/29 18:21:10 [notice] 1#1: nginx/1.29.8
2026/04/29 18:21:10 [notice] 1#1: built by gcc 15.2.0 (Alpine 15.2.0) 
2026/04/29 18:21:10 [notice] 1#1: OS: Linux 6.6.114.1-microsoft-standard-WSL2
2026/04/29 18:21:10 [notice] 1#1: getrlimit(RLIMIT_NOFILE): 1024:1048576
2026/04/29 18:21:10 [notice] 1#1: start worker processes
2026/04/29 18:21:10 [notice] 1#1: start worker process 20
2026/04/29 18:21:10 [notice] 1#1: start worker process 21
2026/04/29 23:39:38 [notice] 1#1: signal 3 (SIGQUIT) received, shutting down
2026/04/29 23:39:38 [notice] 21#21: gracefully shutting down
2026/04/29 23:39:38 [notice] 20#20: gracefully shutting down
2026/04/29 23:39:38 [notice] 20#20: exiting
2026/04/29 23:39:38 [notice] 21#21: exiting
2026/04/29 23:39:38 [notice] 20#20: exit
2026/04/29 23:39:38 [notice] 21#21: exit
2026/04/29 23:39:39 [notice] 1#1: signal 17 (SIGCHLD) received from 21
2026/04/29 23:39:39 [notice] 1#1: worker process 21 exited with code 0
2026/04/29 23:39:39 [notice] 1#1: signal 29 (SIGIO) received
2026/04/29 23:39:39 [notice] 1#1: signal 17 (SIGCHLD) received from 20
2026/04/29 23:39:39 [notice] 1#1: worker process 20 exited with code 0
2026/04/29 23:39:39 [notice] 1#1: exit
2026/04/30 00:18:12 [notice] 1#1: using the "epoll" event method
2026/04/30 00:18:12 [notice] 1#1: nginx/1.29.8
2026/04/30 00:18:12 [notice] 1#1: built by gcc 15.2.0 (Alpine 15.2.0) 
2026/04/30 00:18:12 [notice] 1#1: OS: Linux 6.6.114.1-microsoft-standard-WSL2
2026/04/30 00:18:12 [notice] 1#1: getrlimit(RLIMIT_NOFILE): 1024:1048576
2026/04/30 00:18:12 [notice] 1#1: start worker processes
2026/04/30 00:18:12 [notice] 1#1: start worker process 21
2026/04/30 00:18:12 [notice] 1#1: start worker process 22
2026/04/30 12:13:21 [notice] 1#1: signal 3 (SIGQUIT) received, shutting down
2026/04/30 12:13:21 [notice] 22#22: gracefully shutting down
2026/04/30 12:13:21 [notice] 21#21: gracefully shutting down
2026/04/30 12:13:21 [notice] 22#22: exiting
2026/04/30 12:13:21 [notice] 21#21: exiting
2026/04/30 12:13:21 [notice] 22#22: exit
2026/04/30 12:13:21 [notice] 21#21: exit
2026/04/30 12:13:22 [notice] 1#1: signal 17 (SIGCHLD) received from 21
2026/04/30 12:13:22 [notice] 1#1: worker process 21 exited with code 0
2026/04/30 12:13:22 [notice] 1#1: signal 29 (SIGIO) received
2026/04/30 12:13:22 [notice] 1#1: signal 17 (SIGCHLD) received from 22
2026/04/30 12:13:22 [notice] 1#1: worker process 22 exited with code 0
2026/04/30 12:13:22 [notice] 1#1: exit
2026/04/30 13:24:51 [notice] 1#1: using the "epoll" event method
2026/04/30 13:24:51 [notice] 1#1: nginx/1.29.8
2026/04/30 13:24:51 [notice] 1#1: built by gcc 15.2.0 (Alpine 15.2.0) 
2026/04/30 13:24:51 [notice] 1#1: OS: Linux 6.6.114.1-microsoft-standard-WSL2
2026/04/30 13:24:51 [notice] 1#1: getrlimit(RLIMIT_NOFILE): 1024:1048576
2026/04/30 13:24:51 [notice] 1#1: start worker processes
2026/04/30 13:24:51 [notice] 1#1: start worker process 21
2026/04/30 13:24:51 [notice] 1#1: start worker process 22
